2024-05-13 20:43:58.098 | INFO     | utils.logger_utils.loguru_log:info:13 - "手机防盗" 功能测试通过
2024-05-13 20:44:21.810 | ERROR    | utils.logger_utils.loguru_log:error:19 - "通信卫士" 功能的 "选择联系人" 页面，点击返回按钮无响应
2024-05-13 20:44:21.810 | ERROR    | utils.logger_utils.loguru_log:error:19 - "通信卫士" 功能的 "选择联系人" 页面，点击返回按钮无响应
2024-05-13 20:44:39.083 | INFO     | utils.logger_utils.loguru_log:info:13 - "软件管家" 功能测试通过
2024-05-13 20:44:39.083 | INFO     | utils.logger_utils.loguru_log:info:13 - "软件管家" 功能测试通过
2024-05-13 20:44:39.083 | INFO     | utils.logger_utils.loguru_log:info:13 - "软件管家" 功能测试通过
2024-05-13 20:44:55.991 | INFO     | utils.logger_utils.loguru_log:info:13 - "手机杀毒" 功能测试通过
2024-05-13 20:44:55.991 | INFO     | utils.logger_utils.loguru_log:info:13 - "手机杀毒" 功能测试通过
2024-05-13 20:44:55.991 | INFO     | utils.logger_utils.loguru_log:info:13 - "手机杀毒" 功能测试通过
2024-05-13 20:44:55.991 | INFO     | utils.logger_utils.loguru_log:info:13 - "手机杀毒" 功能测试通过
2024-05-13 20:45:10.979 | INFO     | utils.logger_utils.loguru_log:info:13 - "缓存清理" 功能测试通过
2024-05-13 20:45:10.979 | INFO     | utils.logger_utils.loguru_log:info:13 - "缓存清理" 功能测试通过
2024-05-13 20:45:10.979 | INFO     | utils.logger_utils.loguru_log:info:13 - "缓存清理" 功能测试通过
2024-05-13 20:45:10.979 | INFO     | utils.logger_utils.loguru_log:info:13 - "缓存清理" 功能测试通过
2024-05-13 20:45:10.979 | INFO     | utils.logger_utils.loguru_log:info:13 - "缓存清理" 功能测试通过
2024-05-13 20:45:28.710 | INFO     | utils.logger_utils.loguru_log:info:13 - "进程管理" 功能测试通过
2024-05-13 20:45:28.710 | INFO     | utils.logger_utils.loguru_log:info:13 - "进程管理" 功能测试通过
2024-05-13 20:45:28.710 | INFO     | utils.logger_utils.loguru_log:info:13 - "进程管理" 功能测试通过
2024-05-13 20:45:28.710 | INFO     | utils.logger_utils.loguru_log:info:13 - "进程管理" 功能测试通过
2024-05-13 20:45:28.710 | INFO     | utils.logger_utils.loguru_log:info:13 - "进程管理" 功能测试通过
2024-05-13 20:45:53.616 | INFO     | utils.logger_utils.loguru_log:info:13 - "流量统计" 功能测试通过
2024-05-13 20:45:53.616 | INFO     | utils.logger_utils.loguru_log:info:13 - "流量统计" 功能测试通过
2024-05-13 20:45:53.616 | INFO     | utils.logger_utils.loguru_log:info:13 - "流量统计" 功能测试通过
2024-05-13 20:45:53.616 | INFO     | utils.logger_utils.loguru_log:info:13 - "流量统计" 功能测试通过
2024-05-13 20:45:53.616 | INFO     | utils.logger_utils.loguru_log:info:13 - "流量统计" 功能测试通过
2024-05-13 20:45:53.616 | INFO     | utils.logger_utils.loguru_log:info:13 - "流量统计" 功能测试通过
2024-05-13 20:45:53.616 | INFO     | utils.logger_utils.loguru_log:info:13 - "流量统计" 功能测试通过
2024-05-13 20:46:43.697 | INFO     | utils.logger_utils.loguru_log:info:13 - "设置中心" 功能测试成功
2024-05-13 20:46:43.697 | INFO     | utils.logger_utils.loguru_log:info:13 - "设置中心" 功能测试成功
2024-05-13 20:46:43.697 | INFO     | utils.logger_utils.loguru_log:info:13 - "设置中心" 功能测试成功
2024-05-13 20:46:43.697 | INFO     | utils.logger_utils.loguru_log:info:13 - "设置中心" 功能测试成功
2024-05-13 20:46:43.697 | INFO     | utils.logger_utils.loguru_log:info:13 - "设置中心" 功能测试成功
2024-05-13 20:46:43.697 | INFO     | utils.logger_utils.loguru_log:info:13 - "设置中心" 功能测试成功
2024-05-13 20:46:43.697 | INFO     | utils.logger_utils.loguru_log:info:13 - "设置中心" 功能测试成功
2024-05-13 20:46:43.697 | INFO     | utils.logger_utils.loguru_log:info:13 - "设置中心" 功能测试成功
2024-05-13 20:46:43.697 | INFO     | utils.logger_utils.loguru_log:info:13 - "设置中心" 功能测试成功
2024-05-13 20:52:23.809 | INFO     | utils.logger_utils.loguru_log:info:13 - "手机防盗" 功能测试通过
2024-05-13 20:52:47.522 | ERROR    | utils.logger_utils.loguru_log:error:19 - "通信卫士" 功能的 "选择联系人" 页面，点击返回按钮无响应
2024-05-13 20:52:47.522 | ERROR    | utils.logger_utils.loguru_log:error:19 - "通信卫士" 功能的 "选择联系人" 页面，点击返回按钮无响应
2024-05-13 20:53:04.833 | INFO     | utils.logger_utils.loguru_log:info:13 - "软件管家" 功能测试通过
2024-05-13 20:53:04.833 | INFO     | utils.logger_utils.loguru_log:info:13 - "软件管家" 功能测试通过
2024-05-13 20:53:04.833 | INFO     | utils.logger_utils.loguru_log:info:13 - "软件管家" 功能测试通过
2024-05-13 20:53:21.457 | INFO     | utils.logger_utils.loguru_log:info:13 - "手机杀毒" 功能测试通过
2024-05-13 20:53:21.457 | INFO     | utils.logger_utils.loguru_log:info:13 - "手机杀毒" 功能测试通过
2024-05-13 20:53:21.457 | INFO     | utils.logger_utils.loguru_log:info:13 - "手机杀毒" 功能测试通过
2024-05-13 20:53:21.457 | INFO     | utils.logger_utils.loguru_log:info:13 - "手机杀毒" 功能测试通过
2024-05-13 20:53:36.396 | INFO     | utils.logger_utils.loguru_log:info:13 - "缓存清理" 功能测试通过
2024-05-13 20:53:36.396 | INFO     | utils.logger_utils.loguru_log:info:13 - "缓存清理" 功能测试通过
2024-05-13 20:53:36.396 | INFO     | utils.logger_utils.loguru_log:info:13 - "缓存清理" 功能测试通过
2024-05-13 20:53:36.396 | INFO     | utils.logger_utils.loguru_log:info:13 - "缓存清理" 功能测试通过
2024-05-13 20:53:36.396 | INFO     | utils.logger_utils.loguru_log:info:13 - "缓存清理" 功能测试通过
2024-05-13 20:53:54.124 | INFO     | utils.logger_utils.loguru_log:info:13 - "进程管理" 功能测试通过
2024-05-13 20:53:54.124 | INFO     | utils.logger_utils.loguru_log:info:13 - "进程管理" 功能测试通过
2024-05-13 20:53:54.124 | INFO     | utils.logger_utils.loguru_log:info:13 - "进程管理" 功能测试通过
2024-05-13 20:53:54.124 | INFO     | utils.logger_utils.loguru_log:info:13 - "进程管理" 功能测试通过
2024-05-13 20:53:54.124 | INFO     | utils.logger_utils.loguru_log:info:13 - "进程管理" 功能测试通过
2024-05-13 20:53:54.124 | INFO     | utils.logger_utils.loguru_log:info:13 - "进程管理" 功能测试通过
2024-05-13 20:54:19.029 | INFO     | utils.logger_utils.loguru_log:info:13 - "流量统计" 功能测试通过
2024-05-13 20:54:19.029 | INFO     | utils.logger_utils.loguru_log:info:13 - "流量统计" 功能测试通过
2024-05-13 20:54:19.029 | INFO     | utils.logger_utils.loguru_log:info:13 - "流量统计" 功能测试通过
2024-05-13 20:54:19.029 | INFO     | utils.logger_utils.loguru_log:info:13 - "流量统计" 功能测试通过
2024-05-13 20:54:19.029 | INFO     | utils.logger_utils.loguru_log:info:13 - "流量统计" 功能测试通过
2024-05-13 20:54:19.029 | INFO     | utils.logger_utils.loguru_log:info:13 - "流量统计" 功能测试通过
2024-05-13 20:55:09.498 | INFO     | utils.logger_utils.loguru_log:info:13 - "设置中心" 功能测试成功
2024-05-13 20:55:09.498 | INFO     | utils.logger_utils.loguru_log:info:13 - "设置中心" 功能测试成功
2024-05-13 20:55:09.498 | INFO     | utils.logger_utils.loguru_log:info:13 - "设置中心" 功能测试成功
2024-05-13 20:55:09.498 | INFO     | utils.logger_utils.loguru_log:info:13 - "设置中心" 功能测试成功
2024-05-13 20:55:09.498 | INFO     | utils.logger_utils.loguru_log:info:13 - "设置中心" 功能测试成功
2024-05-13 20:55:09.498 | INFO     | utils.logger_utils.loguru_log:info:13 - "设置中心" 功能测试成功
2024-05-13 20:55:09.498 | INFO     | utils.logger_utils.loguru_log:info:13 - "设置中心" 功能测试成功
2024-05-13 20:55:09.498 | INFO     | utils.logger_utils.loguru_log:info:13 - "设置中心" 功能测试成功
2024-05-13 21:15:29.425 | INFO     | utils.logger_utils.loguru_log:info:13 - "手机防盗" 功能测试通过
2024-05-13 21:15:53.588 | ERROR    | utils.logger_utils.loguru_log:error:19 - "通信卫士" 功能的 "选择联系人" 页面，点击返回按钮无响应
2024-05-13 21:16:10.964 | INFO     | utils.logger_utils.loguru_log:info:13 - "软件管家" 功能测试通过
2024-05-13 21:16:10.964 | INFO     | utils.logger_utils.loguru_log:info:13 - "软件管家" 功能测试通过
2024-05-13 21:16:10.964 | INFO     | utils.logger_utils.loguru_log:info:13 - "软件管家" 功能测试通过
2024-05-13 21:16:27.672 | INFO     | utils.logger_utils.loguru_log:info:13 - "手机杀毒" 功能测试通过
2024-05-13 21:16:27.672 | INFO     | utils.logger_utils.loguru_log:info:13 - "手机杀毒" 功能测试通过
2024-05-13 21:16:27.672 | INFO     | utils.logger_utils.loguru_log:info:13 - "手机杀毒" 功能测试通过
2024-05-13 21:16:27.672 | INFO     | utils.logger_utils.loguru_log:info:13 - "手机杀毒" 功能测试通过
2024-05-13 21:16:42.812 | INFO     | utils.logger_utils.loguru_log:info:13 - "缓存清理" 功能测试通过
2024-05-13 21:16:42.812 | INFO     | utils.logger_utils.loguru_log:info:13 - "缓存清理" 功能测试通过
2024-05-13 21:16:42.812 | INFO     | utils.logger_utils.loguru_log:info:13 - "缓存清理" 功能测试通过
2024-05-13 21:16:42.812 | INFO     | utils.logger_utils.loguru_log:info:13 - "缓存清理" 功能测试通过
2024-05-13 21:16:42.812 | INFO     | utils.logger_utils.loguru_log:info:13 - "缓存清理" 功能测试通过
2024-05-13 21:17:00.552 | INFO     | utils.logger_utils.loguru_log:info:13 - "进程管理" 功能测试通过
2024-05-13 21:17:00.552 | INFO     | utils.logger_utils.loguru_log:info:13 - "进程管理" 功能测试通过
2024-05-13 21:17:00.552 | INFO     | utils.logger_utils.loguru_log:info:13 - "进程管理" 功能测试通过
2024-05-13 21:17:00.552 | INFO     | utils.logger_utils.loguru_log:info:13 - "进程管理" 功能测试通过
2024-05-13 21:17:00.552 | INFO     | utils.logger_utils.loguru_log:info:13 - "进程管理" 功能测试通过
2024-05-13 21:17:00.552 | INFO     | utils.logger_utils.loguru_log:info:13 - "进程管理" 功能测试通过
2024-05-13 21:17:25.869 | INFO     | utils.logger_utils.loguru_log:info:13 - "流量统计" 功能测试通过
2024-05-13 21:17:25.869 | INFO     | utils.logger_utils.loguru_log:info:13 - "流量统计" 功能测试通过
2024-05-13 21:17:25.869 | INFO     | utils.logger_utils.loguru_log:info:13 - "流量统计" 功能测试通过
2024-05-13 21:17:25.869 | INFO     | utils.logger_utils.loguru_log:info:13 - "流量统计" 功能测试通过
2024-05-13 21:17:25.869 | INFO     | utils.logger_utils.loguru_log:info:13 - "流量统计" 功能测试通过
2024-05-13 21:17:25.869 | INFO     | utils.logger_utils.loguru_log:info:13 - "流量统计" 功能测试通过
2024-05-13 21:18:16.209 | INFO     | utils.logger_utils.loguru_log:info:13 - "设置中心" 功能测试成功
2024-05-13 21:18:16.209 | INFO     | utils.logger_utils.loguru_log:info:13 - "设置中心" 功能测试成功
2024-05-13 21:18:16.209 | INFO     | utils.logger_utils.loguru_log:info:13 - "设置中心" 功能测试成功
2024-05-13 21:18:16.209 | INFO     | utils.logger_utils.loguru_log:info:13 - "设置中心" 功能测试成功
2024-05-13 21:18:16.209 | INFO     | utils.logger_utils.loguru_log:info:13 - "设置中心" 功能测试成功
2024-05-13 21:18:16.209 | INFO     | utils.logger_utils.loguru_log:info:13 - "设置中心" 功能测试成功
2024-05-13 21:18:16.209 | INFO     | utils.logger_utils.loguru_log:info:13 - "设置中心" 功能测试成功
2024-05-13 21:18:16.209 | INFO     | utils.logger_utils.loguru_log:info:13 - "设置中心" 功能测试成功
2024-05-13 21:18:16.209 | INFO     | utils.logger_utils.loguru_log:info:13 - "设置中心" 功能测试成功
2024-05-13 21:22:05.534 | INFO     | utils.logger_utils.loguru_log:info:13 - "手机防盗" 功能测试通过
2024-05-13 21:22:29.627 | ERROR    | utils.logger_utils.loguru_log:error:19 - "通信卫士" 功能的 "选择联系人" 页面，点击返回按钮无响应
2024-05-13 21:22:29.627 | ERROR    | utils.logger_utils.loguru_log:error:19 - "通信卫士" 功能的 "选择联系人" 页面，点击返回按钮无响应
2024-05-13 21:22:46.852 | INFO     | utils.logger_utils.loguru_log:info:13 - "软件管家" 功能测试通过
2024-05-13 21:22:46.852 | INFO     | utils.logger_utils.loguru_log:info:13 - "软件管家" 功能测试通过
2024-05-13 21:23:03.484 | INFO     | utils.logger_utils.loguru_log:info:13 - "手机杀毒" 功能测试通过
2024-05-13 21:23:03.484 | INFO     | utils.logger_utils.loguru_log:info:13 - "手机杀毒" 功能测试通过
2024-05-13 21:23:03.484 | INFO     | utils.logger_utils.loguru_log:info:13 - "手机杀毒" 功能测试通过
2024-05-13 21:23:03.484 | INFO     | utils.logger_utils.loguru_log:info:13 - "手机杀毒" 功能测试通过
2024-05-13 21:23:18.445 | INFO     | utils.logger_utils.loguru_log:info:13 - "缓存清理" 功能测试通过
2024-05-13 21:23:18.445 | INFO     | utils.logger_utils.loguru_log:info:13 - "缓存清理" 功能测试通过
2024-05-13 21:23:18.445 | INFO     | utils.logger_utils.loguru_log:info:13 - "缓存清理" 功能测试通过
2024-05-13 21:23:18.445 | INFO     | utils.logger_utils.loguru_log:info:13 - "缓存清理" 功能测试通过
2024-05-13 21:23:18.445 | INFO     | utils.logger_utils.loguru_log:info:13 - "缓存清理" 功能测试通过
2024-05-13 21:23:35.987 | INFO     | utils.logger_utils.loguru_log:info:13 - "进程管理" 功能测试通过
2024-05-13 21:23:35.987 | INFO     | utils.logger_utils.loguru_log:info:13 - "进程管理" 功能测试通过
2024-05-13 21:23:35.987 | INFO     | utils.logger_utils.loguru_log:info:13 - "进程管理" 功能测试通过
2024-05-13 21:23:35.987 | INFO     | utils.logger_utils.loguru_log:info:13 - "进程管理" 功能测试通过
2024-05-13 21:23:35.987 | INFO     | utils.logger_utils.loguru_log:info:13 - "进程管理" 功能测试通过
2024-05-13 21:23:35.987 | INFO     | utils.logger_utils.loguru_log:info:13 - "进程管理" 功能测试通过
2024-05-13 21:24:01.323 | INFO     | utils.logger_utils.loguru_log:info:13 - "流量统计" 功能测试通过
2024-05-13 21:24:01.323 | INFO     | utils.logger_utils.loguru_log:info:13 - "流量统计" 功能测试通过
2024-05-13 21:24:01.323 | INFO     | utils.logger_utils.loguru_log:info:13 - "流量统计" 功能测试通过
2024-05-13 21:24:01.323 | INFO     | utils.logger_utils.loguru_log:info:13 - "流量统计" 功能测试通过
2024-05-13 21:24:01.323 | INFO     | utils.logger_utils.loguru_log:info:13 - "流量统计" 功能测试通过
2024-05-13 21:24:01.323 | INFO     | utils.logger_utils.loguru_log:info:13 - "流量统计" 功能测试通过
2024-05-13 21:24:01.323 | INFO     | utils.logger_utils.loguru_log:info:13 - "流量统计" 功能测试通过
2024-05-13 21:24:36.690 | ERROR    | utils.logger_utils.loguru_log:error:19 - "高级工具" 功能 "短信还原" 页面点击 "一键还原" 按钮后提示：很抱歉，“手机安全卫士“已停止运行。
2024-05-13 21:24:36.690 | ERROR    | utils.logger_utils.loguru_log:error:19 - "高级工具" 功能 "短信还原" 页面点击 "一键还原" 按钮后提示：很抱歉，“手机安全卫士“已停止运行。
2024-05-13 21:24:36.690 | ERROR    | utils.logger_utils.loguru_log:error:19 - "高级工具" 功能 "短信还原" 页面点击 "一键还原" 按钮后提示：很抱歉，“手机安全卫士“已停止运行。
2024-05-13 21:24:36.690 | ERROR    | utils.logger_utils.loguru_log:error:19 - "高级工具" 功能 "短信还原" 页面点击 "一键还原" 按钮后提示：很抱歉，“手机安全卫士“已停止运行。
2024-05-13 21:24:36.690 | ERROR    | utils.logger_utils.loguru_log:error:19 - "高级工具" 功能 "短信还原" 页面点击 "一键还原" 按钮后提示：很抱歉，“手机安全卫士“已停止运行。
2024-05-13 21:24:36.690 | ERROR    | utils.logger_utils.loguru_log:error:19 - "高级工具" 功能 "短信还原" 页面点击 "一键还原" 按钮后提示：很抱歉，“手机安全卫士“已停止运行。
2024-05-13 21:24:36.690 | ERROR    | utils.logger_utils.loguru_log:error:19 - "高级工具" 功能 "短信还原" 页面点击 "一键还原" 按钮后提示：很抱歉，“手机安全卫士“已停止运行。
2024-05-13 21:24:53.598 | INFO     | utils.logger_utils.loguru_log:info:13 - "设置中心" 功能测试成功
2024-05-13 21:24:53.598 | INFO     | utils.logger_utils.loguru_log:info:13 - "设置中心" 功能测试成功
2024-05-13 21:24:53.598 | INFO     | utils.logger_utils.loguru_log:info:13 - "设置中心" 功能测试成功
2024-05-13 21:24:53.598 | INFO     | utils.logger_utils.loguru_log:info:13 - "设置中心" 功能测试成功
2024-05-13 21:24:53.598 | INFO     | utils.logger_utils.loguru_log:info:13 - "设置中心" 功能测试成功
2024-05-13 21:24:53.598 | INFO     | utils.logger_utils.loguru_log:info:13 - "设置中心" 功能测试成功
2024-05-13 21:24:53.598 | INFO     | utils.logger_utils.loguru_log:info:13 - "设置中心" 功能测试成功
2024-05-13 21:24:53.598 | INFO     | utils.logger_utils.loguru_log:info:13 - "设置中心" 功能测试成功
2024-05-13 21:24:53.598 | INFO     | utils.logger_utils.loguru_log:info:13 - "设置中心" 功能测试成功
